


ARM Macro Assembler    Page 1 


    1 00000000                 AREA             RESET, DATA, READONLY
    2 00000000                 EXPORT           __Vectors
    3 00000000         __Vectors
    4 00000000 10001000        DCD              0x10001000
    5 00000004 00000000        DCD              Reset_Handler
    6 00000008                 ALIGN
    7 00000008                 AREA             mycode, CODE, READONLY
    8 00000000         ENTRY
    9 00000000                 EXPORT           Reset_Handler
   10 00000000         
   11 00000000         Reset_Handler
   12 00000000 4821            LDR              R0, =SRC
   13 00000002 F1A0 0004       SUB              R0, R0, #4
   14 00000006 4921            LDR              R1, =DST
   15 00000008 F1A1 0104       SUB              R1, R1, #4
   16 0000000C         
   17 0000000C F850 2F04       LDR              R2, [R0, #4]!
   18 00000010 F841 2F04       STR              R2, [R1, #4]!
   19 00000014         
   20 00000014 F850 2F04       LDR              R2, [R0, #4]!
   21 00000018 F841 2F04       STR              R2, [R1, #4]!
   22 0000001C         
   23 0000001C F850 2F04       LDR              R2, [R0, #4]!
   24 00000020 F841 2F04       STR              R2, [R1, #4]!
   25 00000024         
   26 00000024 F850 2F04       LDR              R2, [R0, #4]!
   27 00000028 F841 2F04       STR              R2, [R1, #4]!
   28 0000002C         
   29 0000002C F850 2F04       LDR              R2, [R0, #4]!
   30 00000030 F841 2F04       STR              R2, [R1, #4]!
   31 00000034         
   32 00000034 F850 2F04       LDR              R2, [R0, #4]!
   33 00000038 F841 2F04       STR              R2, [R1, #4]!
   34 0000003C         
   35 0000003C F850 2F04       LDR              R2, [R0, #4]!
   36 00000040 F841 2F04       STR              R2, [R1, #4]!
   37 00000044         
   38 00000044 F850 2F04       LDR              R2, [R0, #4]!
   39 00000048 F841 2F04       STR              R2, [R1, #4]!
   40 0000004C         
   41 0000004C F850 2F04       LDR              R2, [R0, #4]!
   42 00000050 F841 2F04       STR              R2, [R1, #4]!
   43 00000054         
   44 00000054 F850 2F04       LDR              R2, [R0, #4]!
   45 00000058 F841 2F04       STR              R2, [R1, #4]!
   46 0000005C         
   47 0000005C E7FE    STOP    B                STOP
   48 0000005E         
   49 0000005E 00 00 12345678 
              ABCDEF01 
              A2BC4EF1 
              32546710 
              22222222 
              CFDAB234 
              89754321 
              10001001 
              ABBCFD13 
              00001000 SRC     DCD              0x12345678, 0xABCDEF01, 0xA2BC4
EF1, 0x32546710, 0x22222222, 0xCFDAB234, 0x89754321, 0x10001001, 0xABBCFD13, 0x



ARM Macro Assembler    Page 2 


00001000
   50 00000088         
   51 00000088 00000000 
              00000000         AREA             DATASEG, DATA, READWRITE
   52 00000000 00 00 00 
              00 00 00 
              00 00 00 
              00 00 00 
              00 00 00 
              00 00 00 
              00 00 00 
              00 00 00 
              00 00 00 
              00 00 00 
              00 00 00 
              00 00 00 
              00 00 00 
              00       DST     SPACE            40
   53 00000028         
   54 00000028                 END
Command Line: --debug --xref --cpu=Cortex-M3 --apcs=interwork --depend=Pre_Inde
xing_with_Write_Back.d -oPre_Indexing_with_Write_Back.o -IC:\Keil\ARM\RV31\INC 
-IC:\Keil\ARM\CMSIS\Include -IC:\Keil\ARM\Inc\NXP\LPC17xx --predefine="__EVAL S
ETA 1" --list=Pre_Indexing_with_Write_Back.lst Pre_Indexing_with_Write_Back.s



ARM Macro Assembler    Page 1 Alphabetic symbol ordering
Relocatable symbols

RESET 00000000

Symbol: RESET
   Definitions
      At line 1 in file Pre_Indexing_with_Write_Back.s
   Uses
      None
Comment: RESET unused
__Vectors 00000000

Symbol: __Vectors
   Definitions
      At line 3 in file Pre_Indexing_with_Write_Back.s
   Uses
      At line 2 in file Pre_Indexing_with_Write_Back.s
Comment: __Vectors used once
2 symbols



ARM Macro Assembler    Page 1 Alphabetic symbol ordering
Relocatable symbols

ENTRY 00000000

Symbol: ENTRY
   Definitions
      At line 8 in file Pre_Indexing_with_Write_Back.s
   Uses
      None
Comment: ENTRY unused
Reset_Handler 00000000

Symbol: Reset_Handler
   Definitions
      At line 11 in file Pre_Indexing_with_Write_Back.s
   Uses
      At line 5 in file Pre_Indexing_with_Write_Back.s
      At line 9 in file Pre_Indexing_with_Write_Back.s

SRC 00000060

Symbol: SRC
   Definitions
      At line 49 in file Pre_Indexing_with_Write_Back.s
   Uses
      At line 12 in file Pre_Indexing_with_Write_Back.s
Comment: SRC used once
STOP 0000005C

Symbol: STOP
   Definitions
      At line 47 in file Pre_Indexing_with_Write_Back.s
   Uses
      At line 47 in file Pre_Indexing_with_Write_Back.s
Comment: STOP used once
mycode 00000000

Symbol: mycode
   Definitions
      At line 7 in file Pre_Indexing_with_Write_Back.s
   Uses
      None
Comment: mycode unused
5 symbols



ARM Macro Assembler    Page 1 Alphabetic symbol ordering
Relocatable symbols

DATASEG 00000000

Symbol: DATASEG
   Definitions
      At line 51 in file Pre_Indexing_with_Write_Back.s
   Uses
      None
Comment: DATASEG unused
DST 00000000

Symbol: DST
   Definitions
      At line 52 in file Pre_Indexing_with_Write_Back.s
   Uses
      At line 14 in file Pre_Indexing_with_Write_Back.s
Comment: DST used once
2 symbols
342 symbols in table
