


ARM Macro Assembler    Page 1 


    1 00000000                 AREA             RESET,DATA,READONLY
    2 00000000                 EXPORT           __Vectors
    3 00000000         __Vectors
    4 00000000 10001000        DCD              0X10001000
    5 00000004 00000000        DCD              Reset_Handler
    6 00000008                 ALIGN
    7 00000008                 AREA             mycode, CODE, READONLY
    8 00000000                 EXPORT           Reset_Handler
    9 00000000         Reset_Handler
   10 00000000 4807            LDR              R0,=SRC
   11 00000002 6801            LDR              R1,[R0]
   12 00000004 F04F 0356       MOV              R3,#0x56
   13 00000008 F04F 0460       MOV              R4,0x60
   14 0000000C F04F 0560       MOV              R5,#96
   15 00000010 E7FE    STOP    B                STOP
   16 00000012 00 00 12345678 
              0000ABCD 
              000A2BC4 SRC     DCD              0x12345678,0xABCD,0xA2BC4
                       
              00000000 
Command Line: --debug --xref --cpu=Cortex-M3 --apcs=interwork --depend=MyProj1.
d -oMyProj1.o -IC:\Keil\ARM\RV31\INC -IC:\Keil\ARM\CMSIS\Include -IC:\Keil\ARM\
Inc\NXP\LPC17xx --predefine="__EVAL SETA 1" --list=MyProj1.lst MyProj1.s



ARM Macro Assembler    Page 1 Alphabetic symbol ordering
Relocatable symbols

RESET 00000000

Symbol: RESET
   Definitions
      At line 1 in file MyProj1.s
   Uses
      None
Comment: RESET unused
__Vectors 00000000

Symbol: __Vectors
   Definitions
      At line 3 in file MyProj1.s
   Uses
      At line 2 in file MyProj1.s
Comment: __Vectors used once
2 symbols



ARM Macro Assembler    Page 1 Alphabetic symbol ordering
Relocatable symbols

Reset_Handler 00000000

Symbol: Reset_Handler
   Definitions
      At line 9 in file MyProj1.s
   Uses
      At line 5 in file MyProj1.s
      At line 8 in file MyProj1.s

SRC 00000014

Symbol: SRC
   Definitions
      At line 16 in file MyProj1.s
   Uses
      At line 10 in file MyProj1.s
Comment: SRC used once
STOP 00000010

Symbol: STOP
   Definitions
      At line 15 in file MyProj1.s
   Uses
      At line 15 in file MyProj1.s
Comment: STOP used once
mycode 00000000

Symbol: mycode
   Definitions
      At line 7 in file MyProj1.s
   Uses
      None
Comment: mycode unused
4 symbols
339 symbols in table
