


ARM Macro Assembler    Page 1 


    1 00000000                 AREA             RESET, DATA, READONLY
    2 00000000                 EXPORT           __Vectors
    3 00000000         __Vectors
    4 00000000 10001000        DCD              0x10001000
    5 00000004 00000000        DCD              Reset_Handler
    6 00000008                 ALIGN
    7 00000008                 AREA             mycode, CODE, READONLY
    8 00000000                 ENTRY
    9 00000000                 EXPORT           Reset_Handler
   10 00000000         Reset_Handler
   11 00000000 4807            LDR              R0, =N1
   12 00000002 4908            LDR              R1, =N2
   13 00000004 4E08            LDR              R6, =Result
   14 00000006 F04F 0204       MOV              R2, #4
   15 0000000A         
   16 0000000A         UP
   17 0000000A F850 3B04       LDR              R3, [R0], #4
   18 0000000E F851 4B04       LDR              R4, [R1], #4
   19 00000012 EB53 0504       ADCS             R5, R3, R4
   20 00000016 F846 5B04       STR              R5, [R6], #4
   21 0000001A         
   22 0000001A 1E52            SUBS             R2, R2, #1
   23 0000001C D1F5            BNE              UP
   24 0000001E         
   25 0000001E E7FE    STOP    B                STOP
   26 00000020         
   27 00000020 00000000 
              00000000 
              00000000         AREA             mydata, DATA, READONLY
   28 00000000 11111111 
              22222222 
              33333333 
              44444444 N1      DCD              0x11111111,0x22222222,0x3333333
3,0x44444444
   29 00000010 AAAAAAAA 
              BBBBBBBB 
              CCCCCCCC 
              DDDDDDDD N2      DCD              0xAAAAAAAA,0xBBBBBBBB,0xCCCCCCC
C,0xDDDDDDDD
   30 00000020         
   31 00000020                 AREA             resultdata, DATA, READWRITE
   32 00000000 00000000 
              00000000 
              00000000 
              00000000 Result  DCD              0, 0, 0, 0
   33 00000010         
   34 00000010                 END
Command Line: --debug --xref --cpu=Cortex-M3 --apcs=interwork --depend=Add_2_EX
P3_3.d -oAdd_2_EXP3_3.o -IC:\Keil\ARM\RV31\INC -IC:\Keil\ARM\CMSIS\Include -IC:
\Keil\ARM\Inc\NXP\LPC17xx --predefine="__EVAL SETA 1" --list=Add_2_EXP3_3.lst A
dd_2_EXP3_3.s



ARM Macro Assembler    Page 1 Alphabetic symbol ordering
Relocatable symbols

RESET 00000000

Symbol: RESET
   Definitions
      At line 1 in file Add_2_EXP3_3.s
   Uses
      None
Comment: RESET unused
__Vectors 00000000

Symbol: __Vectors
   Definitions
      At line 3 in file Add_2_EXP3_3.s
   Uses
      At line 2 in file Add_2_EXP3_3.s
Comment: __Vectors used once
2 symbols



ARM Macro Assembler    Page 1 Alphabetic symbol ordering
Relocatable symbols

Reset_Handler 00000000

Symbol: Reset_Handler
   Definitions
      At line 10 in file Add_2_EXP3_3.s
   Uses
      At line 5 in file Add_2_EXP3_3.s
      At line 9 in file Add_2_EXP3_3.s

STOP 0000001E

Symbol: STOP
   Definitions
      At line 25 in file Add_2_EXP3_3.s
   Uses
      At line 25 in file Add_2_EXP3_3.s
Comment: STOP used once
UP 0000000A

Symbol: UP
   Definitions
      At line 16 in file Add_2_EXP3_3.s
   Uses
      At line 23 in file Add_2_EXP3_3.s
Comment: UP used once
mycode 00000000

Symbol: mycode
   Definitions
      At line 7 in file Add_2_EXP3_3.s
   Uses
      None
Comment: mycode unused
4 symbols



ARM Macro Assembler    Page 1 Alphabetic symbol ordering
Relocatable symbols

N1 00000000

Symbol: N1
   Definitions
      At line 28 in file Add_2_EXP3_3.s
   Uses
      At line 11 in file Add_2_EXP3_3.s
Comment: N1 used once
N2 00000010

Symbol: N2
   Definitions
      At line 29 in file Add_2_EXP3_3.s
   Uses
      At line 12 in file Add_2_EXP3_3.s
Comment: N2 used once
mydata 00000000

Symbol: mydata
   Definitions
      At line 27 in file Add_2_EXP3_3.s
   Uses
      None
Comment: mydata unused
3 symbols



ARM Macro Assembler    Page 1 Alphabetic symbol ordering
Relocatable symbols

Result 00000000

Symbol: Result
   Definitions
      At line 32 in file Add_2_EXP3_3.s
   Uses
      At line 13 in file Add_2_EXP3_3.s
Comment: Result used once
resultdata 00000000

Symbol: resultdata
   Definitions
      At line 31 in file Add_2_EXP3_3.s
   Uses
      None
Comment: resultdata unused
2 symbols
344 symbols in table
