


ARM Macro Assembler    Page 1 


    1 00000000                 AREA             RESET, DATA, READONLY
    2 00000000                 EXPORT           __Vectors
    3 00000000         __Vectors
    4 00000000 10000000        DCD              0x10000000
    5 00000004 00000000        DCD              Reset_Handler
    6 00000008                 ALIGN
    7 00000008                 AREA             mycode, CODE, READONLY
    8 00000000                 ENTRY
    9 00000000                 EXPORT           Reset_Handler
   10 00000000         Reset_Handler
   11 00000000 4809            LDR              R0, =SRC
   12 00000002 F04F 0200       MOV              R2, #0
   13 00000006 F04F 0500       MOV              R5, #0
   14 0000000A F04F 030A       MOV              R3, #10
   15 0000000E         
   16 0000000E         UP
   17 0000000E F850 1B04       LDR              R1, [R0], #4
   18 00000012 1852            ADDS             R2, R2, R1
   19 00000014 F145 0500       ADC              R5, R5, #0
   20 00000018 1E5B            SUBS             R3, R3, #1
   21 0000001A D1F8            BNE              UP
   22 0000001C         
   23 0000001C 4C03            LDR              R4, =Result
   24 0000001E F844 2B04       STR              R2, [R4], #4
   25 00000022 6025            STR              R5, [R4]
   26 00000024         
   27 00000024 E7FE    STOP    B                STOP
   28 00000026         
   29 00000026 00 00 00000000 
              00000000         AREA             mydata, DATA, READWRITE
   30 00000000 15644621 
              15649653 
              15648643 
              15649531 
              15646879 
              15660837 
              15647153 
              15646180 
              15649753 
              15646984 SRC     DCD              0x15644621,0x15649653,0x1564864
3,0x15649531,0x15646879,0x15660837,0x15647153,0x15646180,0x15649753,0x15646984
   31 00000028         
   32 00000028 00000000 
              00000000 Result  DCD              0, 0
   33 00000030         
   34 00000030                 END
Command Line: --debug --xref --cpu=Cortex-M3 --apcs=interwork --depend=10SUM_EX
P_3_2.d -o10SUM_EXP_3_2.o -IC:\Keil\ARM\RV31\INC -IC:\Keil\ARM\CMSIS\Include -I
C:\Keil\ARM\Inc\NXP\LPC17xx --predefine="__EVAL SETA 1" --list=10SUM_EXP_3_2.ls
t 10SUM_EXP_3_2.s



ARM Macro Assembler    Page 1 Alphabetic symbol ordering
Relocatable symbols

RESET 00000000

Symbol: RESET
   Definitions
      At line 1 in file 10SUM_EXP_3_2.s
   Uses
      None
Comment: RESET unused
__Vectors 00000000

Symbol: __Vectors
   Definitions
      At line 3 in file 10SUM_EXP_3_2.s
   Uses
      At line 2 in file 10SUM_EXP_3_2.s
Comment: __Vectors used once
2 symbols



ARM Macro Assembler    Page 1 Alphabetic symbol ordering
Relocatable symbols

Reset_Handler 00000000

Symbol: Reset_Handler
   Definitions
      At line 10 in file 10SUM_EXP_3_2.s
   Uses
      At line 5 in file 10SUM_EXP_3_2.s
      At line 9 in file 10SUM_EXP_3_2.s

STOP 00000024

Symbol: STOP
   Definitions
      At line 27 in file 10SUM_EXP_3_2.s
   Uses
      At line 27 in file 10SUM_EXP_3_2.s
Comment: STOP used once
UP 0000000E

Symbol: UP
   Definitions
      At line 16 in file 10SUM_EXP_3_2.s
   Uses
      At line 21 in file 10SUM_EXP_3_2.s
Comment: UP used once
mycode 00000000

Symbol: mycode
   Definitions
      At line 7 in file 10SUM_EXP_3_2.s
   Uses
      None
Comment: mycode unused
4 symbols



ARM Macro Assembler    Page 1 Alphabetic symbol ordering
Relocatable symbols

Result 00000028

Symbol: Result
   Definitions
      At line 32 in file 10SUM_EXP_3_2.s
   Uses
      At line 23 in file 10SUM_EXP_3_2.s
Comment: Result used once
SRC 00000000

Symbol: SRC
   Definitions
      At line 30 in file 10SUM_EXP_3_2.s
   Uses
      At line 11 in file 10SUM_EXP_3_2.s
Comment: SRC used once
mydata 00000000

Symbol: mydata
   Definitions
      At line 29 in file 10SUM_EXP_3_2.s
   Uses
      None
Comment: mydata unused
3 symbols
342 symbols in table
