


ARM Macro Assembler    Page 1 


    1 00000000                 AREA             RESET, DATA, READONLY
    2 00000000                 EXPORT           __Vectors
    3 00000000         __Vectors
    4 00000000 10001000        DCD              0x10001000
    5 00000004 00000000        DCD              Reset_Handler
    6 00000008                 ALIGN
    7 00000008                 AREA             mycode, CODE, READONLY
    8 00000000         ENTRY
    9 00000000                 EXPORT           Reset_Handler
   10 00000000         
   11 00000000         Reset_Handler
   12 00000000 4827            LDR              R0, =SRC
   13 00000002 4928            LDR              R1, =DST
   14 00000004         
   15 00000004 6802            LDR              R2, [R0, #0]
   16 00000006 600A            STR              R2, [R1, #0]
   17 00000008 F100 0004       ADD              R0, R0, #4
   18 0000000C F101 0104       ADD              R1, R1, #4
   19 00000010         
   20 00000010 6802            LDR              R2, [R0, #0]
   21 00000012 600A            STR              R2, [R1, #0]
   22 00000014 F100 0004       ADD              R0, R0, #4
   23 00000018 F101 0104       ADD              R1, R1, #4
   24 0000001C         
   25 0000001C 6802            LDR              R2, [R0, #0]
   26 0000001E 600A            STR              R2, [R1, #0]
   27 00000020 F100 0004       ADD              R0, R0, #4
   28 00000024 F101 0104       ADD              R1, R1, #4
   29 00000028         
   30 00000028 6802            LDR              R2, [R0, #0]
   31 0000002A 600A            STR              R2, [R1, #0]
   32 0000002C F100 0004       ADD              R0, R0, #4
   33 00000030 F101 0104       ADD              R1, R1, #4
   34 00000034         
   35 00000034 6802            LDR              R2, [R0, #0]
   36 00000036 600A            STR              R2, [R1, #0]
   37 00000038 F100 0004       ADD              R0, R0, #4
   38 0000003C F101 0104       ADD              R1, R1, #4
   39 00000040         
   40 00000040 6802            LDR              R2, [R0, #0]
   41 00000042 600A            STR              R2, [R1, #0]
   42 00000044 F100 0004       ADD              R0, R0, #4
   43 00000048 F101 0104       ADD              R1, R1, #4
   44 0000004C         
   45 0000004C 6802            LDR              R2, [R0, #0]
   46 0000004E 600A            STR              R2, [R1, #0]
   47 00000050 F100 0004       ADD              R0, R0, #4
   48 00000054 F101 0104       ADD              R1, R1, #4
   49 00000058         
   50 00000058 6802            LDR              R2, [R0, #0]
   51 0000005A 600A            STR              R2, [R1, #0]
   52 0000005C F100 0004       ADD              R0, R0, #4
   53 00000060 F101 0104       ADD              R1, R1, #4
   54 00000064         
   55 00000064 6802            LDR              R2, [R0, #0]
   56 00000066 600A            STR              R2, [R1, #0]
   57 00000068 F100 0004       ADD              R0, R0, #4
   58 0000006C F101 0104       ADD              R1, R1, #4
   59 00000070         



ARM Macro Assembler    Page 2 


   60 00000070 6802            LDR              R2, [R0, #0]
   61 00000072 600A            STR              R2, [R1, #0]
   62 00000074         
   63 00000074 E7FE    STOP    B                STOP
   64 00000076         
   65 00000076 00 00 12345678 
              ABCDEF01 
              A2BC4EF1 
              32546710 
              22222222 
              CFDAB234 
              89754321 
              10001001 
              ABBCFD13 
              00001000 SRC     DCD              0x12345678, 0xABCDEF01, 0xA2BC4
EF1, 0x32546710, 0x22222222, 0xCFDAB234, 0x89754321, 0x10001001, 0xABBCFD13, 0x
00001000
   66 000000A0         
   67 000000A0 00000000 
              00000000         AREA             DATASEG, DATA, READWRITE
   68 00000000 00 00 00 
              00 00 00 
              00 00 00 
              00 00 00 
              00 00 00 
              00 00 00 
              00 00 00 
              00 00 00 
              00 00 00 
              00 00 00 
              00 00 00 
              00 00 00 
              00 00 00 
              00       DST     SPACE            40
   69 00000028         
   70 00000028                 END
Command Line: --debug --xref --cpu=Cortex-M3 --apcs=interwork --depend=No_Write
Back_Pre_Index.d -oNo_WriteBack_Pre_Index.o -IC:\Keil\ARM\RV31\INC -IC:\Keil\AR
M\CMSIS\Include -IC:\Keil\ARM\Inc\NXP\LPC17xx --predefine="__EVAL SETA 1" --lis
t=No_WriteBack_Pre_Index.lst No_WriteBack_Pre_Index.s



ARM Macro Assembler    Page 1 Alphabetic symbol ordering
Relocatable symbols

RESET 00000000

Symbol: RESET
   Definitions
      At line 1 in file No_WriteBack_Pre_Index.s
   Uses
      None
Comment: RESET unused
__Vectors 00000000

Symbol: __Vectors
   Definitions
      At line 3 in file No_WriteBack_Pre_Index.s
   Uses
      At line 2 in file No_WriteBack_Pre_Index.s
Comment: __Vectors used once
2 symbols



ARM Macro Assembler    Page 1 Alphabetic symbol ordering
Relocatable symbols

ENTRY 00000000

Symbol: ENTRY
   Definitions
      At line 8 in file No_WriteBack_Pre_Index.s
   Uses
      None
Comment: ENTRY unused
Reset_Handler 00000000

Symbol: Reset_Handler
   Definitions
      At line 11 in file No_WriteBack_Pre_Index.s
   Uses
      At line 5 in file No_WriteBack_Pre_Index.s
      At line 9 in file No_WriteBack_Pre_Index.s

SRC 00000078

Symbol: SRC
   Definitions
      At line 65 in file No_WriteBack_Pre_Index.s
   Uses
      At line 12 in file No_WriteBack_Pre_Index.s
Comment: SRC used once
STOP 00000074

Symbol: STOP
   Definitions
      At line 63 in file No_WriteBack_Pre_Index.s
   Uses
      At line 63 in file No_WriteBack_Pre_Index.s
Comment: STOP used once
mycode 00000000

Symbol: mycode
   Definitions
      At line 7 in file No_WriteBack_Pre_Index.s
   Uses
      None
Comment: mycode unused
5 symbols



ARM Macro Assembler    Page 1 Alphabetic symbol ordering
Relocatable symbols

DATASEG 00000000

Symbol: DATASEG
   Definitions
      At line 67 in file No_WriteBack_Pre_Index.s
   Uses
      None
Comment: DATASEG unused
DST 00000000

Symbol: DST
   Definitions
      At line 68 in file No_WriteBack_Pre_Index.s
   Uses
      At line 13 in file No_WriteBack_Pre_Index.s
Comment: DST used once
2 symbols
342 symbols in table
