


ARM Macro Assembler    Page 1 


    1 00000000                 AREA             RESET, DATA, READONLY
    2 00000000                 EXPORT           __Vectors
    3 00000000         __Vectors
    4 00000000 10001000        DCD              0x10001000
    5 00000004 00000000        DCD              Reset_Handler
    6 00000008                 ALIGN
    7 00000008                 AREA             mycode, CODE, READONLY
    8 00000000         ENTRY
    9 00000000                 EXPORT           Reset_Handler
   10 00000000         
   11 00000000         Reset_Handler
   12 00000000 481F            LDR              R0, =SRC    ; pointer to SRC ba
                                                            se
   13 00000002 4920            LDR              R1, =DST    ; pointer to DST ba
                                                            se
   14 00000004         
   15 00000004 F850 2B04       LDR              R2, [R0], #4
   16 00000008 F841 2B04       STR              R2, [R1], #4
   17 0000000C         
   18 0000000C F850 2B04       LDR              R2, [R0], #4
   19 00000010 F841 2B04       STR              R2, [R1], #4
   20 00000014         
   21 00000014 F850 2B04       LDR              R2, [R0], #4
   22 00000018 F841 2B04       STR              R2, [R1], #4
   23 0000001C         
   24 0000001C F850 2B04       LDR              R2, [R0], #4
   25 00000020 F841 2B04       STR              R2, [R1], #4
   26 00000024         
   27 00000024 F850 2B04       LDR              R2, [R0], #4
   28 00000028 F841 2B04       STR              R2, [R1], #4
   29 0000002C         
   30 0000002C F850 2B04       LDR              R2, [R0], #4
   31 00000030 F841 2B04       STR              R2, [R1], #4
   32 00000034         
   33 00000034 F850 2B04       LDR              R2, [R0], #4
   34 00000038 F841 2B04       STR              R2, [R1], #4
   35 0000003C         
   36 0000003C F850 2B04       LDR              R2, [R0], #4
   37 00000040 F841 2B04       STR              R2, [R1], #4
   38 00000044         
   39 00000044 F850 2B04       LDR              R2, [R0], #4
   40 00000048 F841 2B04       STR              R2, [R1], #4
   41 0000004C         
   42 0000004C F850 2B04       LDR              R2, [R0], #4
   43 00000050 F841 2B04       STR              R2, [R1], #4
   44 00000054         
   45 00000054 E7FE    STOP    B                STOP
   46 00000056         
   47 00000056 00 00 12345678 
              ABCDEF01 
              A2BC4EF1 
              32546710 
              22222222 
              CFDAB234 
              89754321 
              10001001 
              ABBCFD13 
              00001000 SRC     DCD              0x12345678, 0xABCDEF01, 0xA2BC4
EF1, 0x32546710, 0x22222222, 0xCFDAB234, 0x89754321, 0x10001001, 0xABBCFD13, 0x



ARM Macro Assembler    Page 2 


00001000
   48 00000080         
   49 00000080 00000000 
              00000000         AREA             DATASEG, DATA, READWRITE
   50 00000000 00 00 00 
              00 00 00 
              00 00 00 
              00 00 00 
              00 00 00 
              00 00 00 
              00 00 00 
              00 00 00 
              00 00 00 
              00 00 00 
              00 00 00 
              00 00 00 
              00 00 00 
              00       DST     SPACE            40          ; reserve space for
                                                             10 words
   51 00000028         
   52 00000028                 END
Command Line: --debug --xref --cpu=Cortex-M3 --apcs=interwork --depend=POST_IND
EXING_TRANSFER.d -oPOST_INDEXING_TRANSFER.o -IC:\Keil\ARM\RV31\INC -IC:\Keil\AR
M\CMSIS\Include -IC:\Keil\ARM\Inc\NXP\LPC17xx --predefine="__EVAL SETA 1" --lis
t=POST_INDEXING_TRANSFER.lst POST_INDEXING_TRANSFER.s



ARM Macro Assembler    Page 1 Alphabetic symbol ordering
Relocatable symbols

RESET 00000000

Symbol: RESET
   Definitions
      At line 1 in file POST_INDEXING_TRANSFER.s
   Uses
      None
Comment: RESET unused
__Vectors 00000000

Symbol: __Vectors
   Definitions
      At line 3 in file POST_INDEXING_TRANSFER.s
   Uses
      At line 2 in file POST_INDEXING_TRANSFER.s
Comment: __Vectors used once
2 symbols



ARM Macro Assembler    Page 1 Alphabetic symbol ordering
Relocatable symbols

ENTRY 00000000

Symbol: ENTRY
   Definitions
      At line 8 in file POST_INDEXING_TRANSFER.s
   Uses
      None
Comment: ENTRY unused
Reset_Handler 00000000

Symbol: Reset_Handler
   Definitions
      At line 11 in file POST_INDEXING_TRANSFER.s
   Uses
      At line 5 in file POST_INDEXING_TRANSFER.s
      At line 9 in file POST_INDEXING_TRANSFER.s

SRC 00000058

Symbol: SRC
   Definitions
      At line 47 in file POST_INDEXING_TRANSFER.s
   Uses
      At line 12 in file POST_INDEXING_TRANSFER.s
Comment: SRC used once
STOP 00000054

Symbol: STOP
   Definitions
      At line 45 in file POST_INDEXING_TRANSFER.s
   Uses
      At line 45 in file POST_INDEXING_TRANSFER.s
Comment: STOP used once
mycode 00000000

Symbol: mycode
   Definitions
      At line 7 in file POST_INDEXING_TRANSFER.s
   Uses
      None
Comment: mycode unused
5 symbols



ARM Macro Assembler    Page 1 Alphabetic symbol ordering
Relocatable symbols

DATASEG 00000000

Symbol: DATASEG
   Definitions
      At line 49 in file POST_INDEXING_TRANSFER.s
   Uses
      None
Comment: DATASEG unused
DST 00000000

Symbol: DST
   Definitions
      At line 50 in file POST_INDEXING_TRANSFER.s
   Uses
      At line 13 in file POST_INDEXING_TRANSFER.s
Comment: DST used once
2 symbols
342 symbols in table
