


ARM Macro Assembler    Page 1 


    1 00000000                 AREA             RESET, DATA, READONLY
    2 00000000                 EXPORT           __Vectors
    3 00000000         __Vectors
    4 00000000 10001000        DCD              0x10001000
    5 00000004 00000000        DCD              Reset_Handler
    6 00000008                 ALIGN
    7 00000008                 AREA             mycode, CODE, READONLY
    8 00000000         ENTRY
    9 00000000                 EXPORT           Reset_Handler
   10 00000000         
   11 00000000         Reset_Handler
   12 00000000 480F            LDR              R0, =SRC
   13 00000002 4910            LDR              R1, =DST
   14 00000004         
   15 00000004 F04F 030A       MOV              R3, #10
   16 00000008         
   17 00000008         UP
   18 00000008 F850 2B04       LDR              R2, [R0], #4
   19 0000000C F841 2B04       STR              R2, [R1], #4
   20 00000010         
   21 00000010 1E5B            SUBS             R3, R3, #1
   22 00000012 D1F9            BNE              UP
   23 00000014         
   24 00000014 E7FE    STOP    B                STOP
   25 00000016         
   26 00000016 00 00 12345678 
              ABCDEF01 
              A2BC4EF1 
              32546710 
              22222222 
              CFDAB234 
              89754321 
              10001001 
              ABBCFD13 
              00001000 SRC     DCD              0x12345678, 0xABCDEF01, 0xA2BC4
EF1, 0x32546710, 0x22222222, 0xCFDAB234, 0x89754321, 0x10001001, 0xABBCFD13, 0x
00001000
   27 00000040         
   28 00000040 00000000 
              00000000         AREA             DATASEG, DATA, READWRITE
   29 00000000 00 00 00 
              00 00 00 
              00 00 00 
              00 00 00 
              00 00 00 
              00 00 00 
              00 00 00 
              00 00 00 
              00 00 00 
              00 00 00 
              00 00 00 
              00 00 00 
              00 00 00 
              00       DST     SPACE            40
   30 00000028         
   31 00000028                 END
Command Line: --debug --xref --cpu=Cortex-M3 --apcs=interwork --depend=LOOPER_T
ransfer.d -oLOOPER_Transfer.o -IC:\Keil\ARM\RV31\INC -IC:\Keil\ARM\CMSIS\Includ
e -IC:\Keil\ARM\Inc\NXP\LPC17xx --predefine="__EVAL SETA 1" --list=LOOPER_Trans



ARM Macro Assembler    Page 2 


fer.lst LOOPER_Transfer.s



ARM Macro Assembler    Page 1 Alphabetic symbol ordering
Relocatable symbols

RESET 00000000

Symbol: RESET
   Definitions
      At line 1 in file LOOPER_Transfer.s
   Uses
      None
Comment: RESET unused
__Vectors 00000000

Symbol: __Vectors
   Definitions
      At line 3 in file LOOPER_Transfer.s
   Uses
      At line 2 in file LOOPER_Transfer.s
Comment: __Vectors used once
2 symbols



ARM Macro Assembler    Page 1 Alphabetic symbol ordering
Relocatable symbols

ENTRY 00000000

Symbol: ENTRY
   Definitions
      At line 8 in file LOOPER_Transfer.s
   Uses
      None
Comment: ENTRY unused
Reset_Handler 00000000

Symbol: Reset_Handler
   Definitions
      At line 11 in file LOOPER_Transfer.s
   Uses
      At line 5 in file LOOPER_Transfer.s
      At line 9 in file LOOPER_Transfer.s

SRC 00000018

Symbol: SRC
   Definitions
      At line 26 in file LOOPER_Transfer.s
   Uses
      At line 12 in file LOOPER_Transfer.s
Comment: SRC used once
STOP 00000014

Symbol: STOP
   Definitions
      At line 24 in file LOOPER_Transfer.s
   Uses
      At line 24 in file LOOPER_Transfer.s
Comment: STOP used once
UP 00000008

Symbol: UP
   Definitions
      At line 17 in file LOOPER_Transfer.s
   Uses
      At line 22 in file LOOPER_Transfer.s
Comment: UP used once
mycode 00000000

Symbol: mycode
   Definitions
      At line 7 in file LOOPER_Transfer.s
   Uses
      None
Comment: mycode unused
6 symbols



ARM Macro Assembler    Page 1 Alphabetic symbol ordering
Relocatable symbols

DATASEG 00000000

Symbol: DATASEG
   Definitions
      At line 28 in file LOOPER_Transfer.s
   Uses
      None
Comment: DATASEG unused
DST 00000000

Symbol: DST
   Definitions
      At line 29 in file LOOPER_Transfer.s
   Uses
      At line 13 in file LOOPER_Transfer.s
Comment: DST used once
2 symbols
343 symbols in table
