


ARM Macro Assembler    Page 1 


    1 00000000                 AREA             RESET, DATA, READONLY
    2 00000000                 EXPORT           __Vectors
    3 00000000         
    4 00000000         __Vectors
    5 00000000 10001000        DCD              0x10001000
    6 00000004 00000000        DCD              Reset_Handler
    7 00000008         
    8 00000008                 ALIGN
    9 00000008         
   10 00000008                 AREA             mycode, CODE, READONLY
   11 00000000                 ENTRY
   12 00000000                 EXPORT           Reset_Handler
   13 00000000         
   14 00000000         Reset_Handler
   15 00000000 4C11            LDR              R4, =ARR
   16 00000002 F04F 050A       MOV              R5, #10
   17 00000006 F000 F801       BL               InsertionSort
   18 0000000A         
   19 0000000A E7FE    DONE    B                DONE
   20 0000000C         
   21 0000000C         InsertionSort
   22 0000000C F04F 0601       MOV              R6, #1
   23 00000010         
   24 00000010         Outer_Loop
   25 00000010 42AE            CMP              R6, R5
   26 00000012 DA18            BGE              FINISH
   27 00000014         
   28 00000014 F854 7026       LDR              R7, [R4, R6, LSL #2]
   29 00000018 F1A6 0801       SUB              R8, R6, #1
   30 0000001C         
   31 0000001C         Inner_Loop
   32 0000001C F1B8 0F00       CMP              R8, #0
   33 00000020 DB0A            BLT              Insert_Key
   34 00000022         
   35 00000022 F854 9028       LDR              R9, [R4, R8, LSL #2]
   36 00000026 45B9            CMP              R9, R7
   37 00000028 DD06            BLE              Insert_Key
   38 0000002A         
   39 0000002A F108 0B01       ADD              R11, R8, #1
   40 0000002E F844 902B       STR              R9, [R4, R11, LSL #2]
   41 00000032         
   42 00000032 F1A8 0801       SUB              R8, R8, #1
   43 00000036 E7F1            B                Inner_Loop
   44 00000038         
   45 00000038         Insert_Key
   46 00000038 F108 0A01       ADD              R10, R8, #1
   47 0000003C F844 702A       STR              R7, [R4, R10, LSL #2]
   48 00000040         
   49 00000040 F106 0601       ADD              R6, R6, #1
   50 00000044 E7E4            B                Outer_Loop
   51 00000046         
   52 00000046 4770    FINISH  BX               LR
   53 00000048         
   54 00000048 00000000        AREA             mydata, DATA, READWRITE
   55 00000000         
   56 00000000 00000040 
              00000019 
              0000000C 
              00000016 



ARM Macro Assembler    Page 2 


              0000000B 
              00000005 
              0000004E 
              0000005A 
              0000002B 
              00000002 ARR     DCD              64, 25, 12, 22, 11, 5, 78, 90, 
43, 2
   57 00000028         
   58 00000028                 END
Command Line: --debug --xref --cpu=Cortex-M3 --apcs=interwork --depend=Insertio
n_Sort.d -oInsertion_Sort.o -IC:\Keil\ARM\RV31\INC -IC:\Keil\ARM\CMSIS\Include 
-IC:\Keil\ARM\Inc\NXP\LPC17xx --predefine="__EVAL SETA 1" --list=Insertion_Sort
.lst Insertion_Sort.s



ARM Macro Assembler    Page 1 Alphabetic symbol ordering
Relocatable symbols

RESET 00000000

Symbol: RESET
   Definitions
      At line 1 in file Insertion_Sort.s
   Uses
      None
Comment: RESET unused
__Vectors 00000000

Symbol: __Vectors
   Definitions
      At line 4 in file Insertion_Sort.s
   Uses
      At line 2 in file Insertion_Sort.s
Comment: __Vectors used once
2 symbols



ARM Macro Assembler    Page 1 Alphabetic symbol ordering
Relocatable symbols

DONE 0000000A

Symbol: DONE
   Definitions
      At line 19 in file Insertion_Sort.s
   Uses
      At line 19 in file Insertion_Sort.s
Comment: DONE used once
FINISH 00000046

Symbol: FINISH
   Definitions
      At line 52 in file Insertion_Sort.s
   Uses
      At line 26 in file Insertion_Sort.s
Comment: FINISH used once
Inner_Loop 0000001C

Symbol: Inner_Loop
   Definitions
      At line 31 in file Insertion_Sort.s
   Uses
      At line 43 in file Insertion_Sort.s
Comment: Inner_Loop used once
Insert_Key 00000038

Symbol: Insert_Key
   Definitions
      At line 45 in file Insertion_Sort.s
   Uses
      At line 33 in file Insertion_Sort.s
      At line 37 in file Insertion_Sort.s

InsertionSort 0000000C

Symbol: InsertionSort
   Definitions
      At line 21 in file Insertion_Sort.s
   Uses
      At line 17 in file Insertion_Sort.s
Comment: InsertionSort used once
Outer_Loop 00000010

Symbol: Outer_Loop
   Definitions
      At line 24 in file Insertion_Sort.s
   Uses
      At line 50 in file Insertion_Sort.s
Comment: Outer_Loop used once
Reset_Handler 00000000

Symbol: Reset_Handler
   Definitions
      At line 14 in file Insertion_Sort.s
   Uses
      At line 6 in file Insertion_Sort.s
      At line 12 in file Insertion_Sort.s

mycode 00000000



ARM Macro Assembler    Page 2 Alphabetic symbol ordering
Relocatable symbols


Symbol: mycode
   Definitions
      At line 10 in file Insertion_Sort.s
   Uses
      None
Comment: mycode unused
8 symbols



ARM Macro Assembler    Page 1 Alphabetic symbol ordering
Relocatable symbols

ARR 00000000

Symbol: ARR
   Definitions
      At line 56 in file Insertion_Sort.s
   Uses
      At line 15 in file Insertion_Sort.s
Comment: ARR used once
mydata 00000000

Symbol: mydata
   Definitions
      At line 54 in file Insertion_Sort.s
   Uses
      None
Comment: mydata unused
2 symbols
345 symbols in table
