


ARM Macro Assembler    Page 1 


    1 00000000                 AREA             RESET, DATA, READONLY
    2 00000000                 EXPORT           __Vectors
    3 00000000         __Vectors
    4 00000000 10001000        DCD              0x10001000
    5 00000004 00000000        DCD              Reset_Handler
    6 00000008                 ALIGN
    7 00000008                 AREA             mycode, CODE, READONLY
    8 00000000         ENTRY
    9 00000000                 EXPORT           Reset_Handler
   10 00000000         
   11 00000000         Reset_Handler
   12 00000000 4822            LDR              R0, =SRC
   13 00000002 4923            LDR              R1, =DST
   14 00000004         
   15 00000004 F850 2B04       LDR              R2, [R0], #4
   16 00000008 F841 2B04       STR              R2, [R1], #4
   17 0000000C         
   18 0000000C 6842            LDR              R2, [R0, #4]
   19 0000000E 604A            STR              R2, [R1, #4]
   20 00000010         
   21 00000010 F100 0004       ADD              R0, R0, #4
   22 00000014 F101 0104       ADD              R1, R1, #4
   23 00000018         
   24 00000018 F850 2F04       LDR              R2, [R0, #4]!
   25 0000001C F841 2F04       STR              R2, [R1, #4]!
   26 00000020         
   27 00000020 F850 2B04       LDR              R2, [R0], #4
   28 00000024 F841 2B04       STR              R2, [R1], #4
   29 00000028         
   30 00000028 6842            LDR              R2, [R0, #4]
   31 0000002A 604A            STR              R2, [R1, #4]
   32 0000002C         
   33 0000002C F100 0004       ADD              R0, R0, #4
   34 00000030 F101 0104       ADD              R1, R1, #4
   35 00000034         
   36 00000034 F850 2F04       LDR              R2, [R0, #4]!
   37 00000038 F841 2F04       STR              R2, [R1, #4]!
   38 0000003C         
   39 0000003C F850 2B04       LDR              R2, [R0], #4
   40 00000040 F841 2B04       STR              R2, [R1], #4
   41 00000044         
   42 00000044 6842            LDR              R2, [R0, #4]
   43 00000046 604A            STR              R2, [R1, #4]
   44 00000048         
   45 00000048 F100 0004       ADD              R0, R0, #4
   46 0000004C F101 0104       ADD              R1, R1, #4
   47 00000050         
   48 00000050 F850 2F04       LDR              R2, [R0, #4]!
   49 00000054 F841 2F04       STR              R2, [R1, #4]!
   50 00000058         
   51 00000058 F850 2B04       LDR              R2, [R0], #4
   52 0000005C F841 2B04       STR              R2, [R1], #4
   53 00000060         
   54 00000060 E7FE    STOP    B                STOP
   55 00000062         
   56 00000062 00 00 12345678 
              ABCDEF01 
              A2BC4EF1 
              32546710 



ARM Macro Assembler    Page 2 


              22222222 
              CFDAB234 
              89754321 
              10001001 
              ABBCFD13 
              00001000 SRC     DCD              0x12345678, 0xABCDEF01, 0xA2BC4
EF1, 0x32546710, 0x22222222, 0xCFDAB234, 0x89754321, 0x10001001, 0xABBCFD13, 0x
00001000
   57 0000008C 00000000 
              00000000         AREA             DATASEG, DATA, READWRITE
   58 00000000         
   59 00000000 000ABCDF 
              00012345 DST     DCD              0x000ABCDF, 0x12345
   60 00000008                 END
Command Line: --debug --xref --cpu=Cortex-M3 --apcs=interwork --depend=Reset_Ha
ndler.d -oReset_Handler.o -IC:\Keil\ARM\RV31\INC -IC:\Keil\ARM\CMSIS\Include -I
C:\Keil\ARM\Inc\NXP\LPC17xx --predefine="__EVAL SETA 1" --list=Reset_Handler.ls
t Reset_Handler.s



ARM Macro Assembler    Page 1 Alphabetic symbol ordering
Relocatable symbols

RESET 00000000

Symbol: RESET
   Definitions
      At line 1 in file Reset_Handler.s
   Uses
      None
Comment: RESET unused
__Vectors 00000000

Symbol: __Vectors
   Definitions
      At line 3 in file Reset_Handler.s
   Uses
      At line 2 in file Reset_Handler.s
Comment: __Vectors used once
2 symbols



ARM Macro Assembler    Page 1 Alphabetic symbol ordering
Relocatable symbols

ENTRY 00000000

Symbol: ENTRY
   Definitions
      At line 8 in file Reset_Handler.s
   Uses
      None
Comment: ENTRY unused
Reset_Handler 00000000

Symbol: Reset_Handler
   Definitions
      At line 11 in file Reset_Handler.s
   Uses
      At line 5 in file Reset_Handler.s
      At line 9 in file Reset_Handler.s

SRC 00000064

Symbol: SRC
   Definitions
      At line 56 in file Reset_Handler.s
   Uses
      At line 12 in file Reset_Handler.s
Comment: SRC used once
STOP 00000060

Symbol: STOP
   Definitions
      At line 54 in file Reset_Handler.s
   Uses
      At line 54 in file Reset_Handler.s
Comment: STOP used once
mycode 00000000

Symbol: mycode
   Definitions
      At line 7 in file Reset_Handler.s
   Uses
      None
Comment: mycode unused
5 symbols



ARM Macro Assembler    Page 1 Alphabetic symbol ordering
Relocatable symbols

DATASEG 00000000

Symbol: DATASEG
   Definitions
      At line 57 in file Reset_Handler.s
   Uses
      None
Comment: DATASEG unused
DST 00000000

Symbol: DST
   Definitions
      At line 59 in file Reset_Handler.s
   Uses
      At line 13 in file Reset_Handler.s
Comment: DST used once
2 symbols
342 symbols in table
