


ARM Macro Assembler    Page 1 


    1 00000000                 AREA             RESET, DATA, READONLY
    2 00000000                 EXPORT           __Vectors
    3 00000000         __Vectors
    4 00000000 10001000        DCD              0x10001000
    5 00000004 00000000        DCD              Reset_Handler
    6 00000008                 ALIGN
    7 00000008                 AREA             mycode, CODE, READONLY
    8 00000000                 ENTRY
    9 00000000                 EXPORT           Reset_Handler
   10 00000000         Reset_Handler
   11 00000000 4C10            LDR              R4,=ARR
   12 00000002 F04F 0400       MOV              R4, #0
   13 00000006         
   14 00000006 2805    Outer_Loop
                               CMP              R0, #n
   15 00000008 DA1B            BGE              Done
   16 0000000A         
   17 0000000A 4601            MOV              R1, R0
   18 0000000C F100 0201       ADD              R2, R0, #1
   19 00000010         
   20 00000010         Inner_Loop
   21 00000010 2A05            CMP              R2, #n
   22 00000012 DA09            BGE              Swap_Elements
   23 00000014         
   24 00000014 F854 3021       LDR              R3, [R4, R1, LSL #2]
   25 00000018 F854 5022       LDR              R5, [R4, R2, LSL #2]
   26 0000001C 429D            CMP              R5, R3
   27 0000001E DA00            BGE              Skip_Update
   28 00000020 4611            MOV              R1, R2
   29 00000022         
   30 00000022         Skip_Update
   31 00000022 F102 0201       ADD              R2, R2, #1
   32 00000026 E7F3            B                Inner_Loop
   33 00000028         
   34 00000028         Swap_Elements
   35 00000028 4288            CMP              R0, R1
   36 0000002A D007            BEQ              Next_Outer
   37 0000002C         
   38 0000002C F854 3020       LDR              R3, [R4, R0, LSL #2]
   39 00000030 F854 5020       LDR              R5, [R4, R0, LSL #2]
   40 00000034 F844 5020       STR              R5, [R4, R0, LSL #2]
   41 00000038 F844 3021       STR              R3, [R4, R1, LSL #2]
   42 0000003C         
   43 0000003C         Next_Outer
   44 0000003C F100 0001       ADD              R0, R0, #1
   45 00000040 E7E1            B                Outer_Loop
   46 00000042         
   47 00000042 E7FE    Done    B                Done
   48 00000044         
   49 00000044 00000000        AREA             mydata, DATA, READWRITE
   50 00000000 00000040 
              00000019 
              00000016 
              0000000C 
              0000000B ARR     DCD              64, 25, 22, 12, 11
   51 00000014 00000005 
                       n       EQU              5
   52 00000014                 END
Command Line: --debug --xref --cpu=Cortex-M3 --apcs=interwork --depend=Selectio



ARM Macro Assembler    Page 2 


n_Sort.d -oSelection_Sort.o -IC:\Keil\ARM\RV31\INC -IC:\Keil\ARM\CMSIS\Include 
-IC:\Keil\ARM\Inc\NXP\LPC17xx --predefine="__EVAL SETA 1" --list=Selection_Sort
.lst Selection_Sort.s



ARM Macro Assembler    Page 1 Alphabetic symbol ordering
Relocatable symbols

RESET 00000000

Symbol: RESET
   Definitions
      At line 1 in file Selection_Sort.s
   Uses
      None
Comment: RESET unused
__Vectors 00000000

Symbol: __Vectors
   Definitions
      At line 3 in file Selection_Sort.s
   Uses
      At line 2 in file Selection_Sort.s
Comment: __Vectors used once
2 symbols



ARM Macro Assembler    Page 1 Alphabetic symbol ordering
Relocatable symbols

Done 00000042

Symbol: Done
   Definitions
      At line 47 in file Selection_Sort.s
   Uses
      At line 15 in file Selection_Sort.s
      At line 47 in file Selection_Sort.s

Inner_Loop 00000010

Symbol: Inner_Loop
   Definitions
      At line 20 in file Selection_Sort.s
   Uses
      At line 32 in file Selection_Sort.s
Comment: Inner_Loop used once
Next_Outer 0000003C

Symbol: Next_Outer
   Definitions
      At line 43 in file Selection_Sort.s
   Uses
      At line 36 in file Selection_Sort.s
Comment: Next_Outer used once
Outer_Loop 00000006

Symbol: Outer_Loop
   Definitions
      At line 14 in file Selection_Sort.s
   Uses
      At line 45 in file Selection_Sort.s
Comment: Outer_Loop used once
Reset_Handler 00000000

Symbol: Reset_Handler
   Definitions
      At line 10 in file Selection_Sort.s
   Uses
      At line 5 in file Selection_Sort.s
      At line 9 in file Selection_Sort.s

Skip_Update 00000022

Symbol: Skip_Update
   Definitions
      At line 30 in file Selection_Sort.s
   Uses
      At line 27 in file Selection_Sort.s
Comment: Skip_Update used once
Swap_Elements 00000028

Symbol: Swap_Elements
   Definitions
      At line 34 in file Selection_Sort.s
   Uses
      At line 22 in file Selection_Sort.s
Comment: Swap_Elements used once
mycode 00000000



ARM Macro Assembler    Page 2 Alphabetic symbol ordering
Relocatable symbols


Symbol: mycode
   Definitions
      At line 7 in file Selection_Sort.s
   Uses
      None
Comment: mycode unused
8 symbols



ARM Macro Assembler    Page 1 Alphabetic symbol ordering
Relocatable symbols

ARR 00000000

Symbol: ARR
   Definitions
      At line 50 in file Selection_Sort.s
   Uses
      At line 11 in file Selection_Sort.s
Comment: ARR used once
mydata 00000000

Symbol: mydata
   Definitions
      At line 49 in file Selection_Sort.s
   Uses
      None
Comment: mydata unused
2 symbols



ARM Macro Assembler    Page 1 Alphabetic symbol ordering
Absolute symbols

n 00000005

Symbol: n
   Definitions
      At line 51 in file Selection_Sort.s
   Uses
      At line 14 in file Selection_Sort.s
      At line 21 in file Selection_Sort.s

1 symbol
346 symbols in table
