


ARM Macro Assembler    Page 1 


    1 00000000                 AREA             RESET, DATA, READONLY
    2 00000000                 EXPORT           __Vectors
    3 00000000         __Vectors
    4 00000000 10010000        DCD              0x10010000
    5 00000004 00000000        DCD              Reset_Handler
    6 00000008                 ALIGN
    7 00000008         
    8 00000008                 AREA             mycode, CODE, READONLY
    9 00000000                 ENTRY
   10 00000000                 EXPORT           Reset_Handler
   11 00000000         
   12 00000000         Reset_Handler
   13 00000000 4808            LDR              R0, =N1
   14 00000002 4909            LDR              R1, =N2
   15 00000004 4E09            LDR              R6, =Result
   16 00000006 F04F 0204       MOV              R2, #4
   17 0000000A         
   18 0000000A 2700            MOVS             R7, #0
   19 0000000C 1E3F            SUBS             R7, R7, #0
   20 0000000E         
   21 0000000E         Up
   22 0000000E F850 3B04       LDR              R3, [R0], #4
   23 00000012 F851 4B04       LDR              R4, [R1], #4
   24 00000016 EB73 0504       SBCS             R5, R3, R4
   25 0000001A F846 5B04       STR              R5, [R6], #4
   26 0000001E         
   27 0000001E 1E52            SUBS             R2, R2, #1
   28 00000020 D1F5            BNE              Up
   29 00000022         
   30 00000022 E7FE    Stop    B                Stop
   31 00000024         
   32 00000024         
   33 00000024 00000000 
              00000000 
              00000000         AREA             mydata, DATA, READONLY
   34 00000000 44444444 
              33333333 
              22222222 
              11111111 N1      DCD              0x44444444,0x33333333,0x2222222
2,0x11111111
   35 00000010 DDDDDDDD 
                       N2      DCD              0xDDDDDDDD
   36 00000014         
   37 00000014                 AREA             resultdata, DATA, READWRITE
   38 00000000 00000000 
              00000000 
              00000000 
              00000000 Result  DCD              0, 0, 0, 0
   39 00000010         
   40 00000010                 END
Command Line: --debug --xref --cpu=Cortex-M3 --apcs=interwork --depend=SUBS_EXP
3_4.d -oSUBS_EXP3_4.o -IC:\Keil\ARM\RV31\INC -IC:\Keil\ARM\CMSIS\Include -IC:\K
eil\ARM\Inc\NXP\LPC17xx --predefine="__EVAL SETA 1" --list=SUBS_EXP3_4.lst SUBS
_EXP3_4.s



ARM Macro Assembler    Page 1 Alphabetic symbol ordering
Relocatable symbols

RESET 00000000

Symbol: RESET
   Definitions
      At line 1 in file SUBS_EXP3_4.s
   Uses
      None
Comment: RESET unused
__Vectors 00000000

Symbol: __Vectors
   Definitions
      At line 3 in file SUBS_EXP3_4.s
   Uses
      At line 2 in file SUBS_EXP3_4.s
Comment: __Vectors used once
2 symbols



ARM Macro Assembler    Page 1 Alphabetic symbol ordering
Relocatable symbols

Reset_Handler 00000000

Symbol: Reset_Handler
   Definitions
      At line 12 in file SUBS_EXP3_4.s
   Uses
      At line 5 in file SUBS_EXP3_4.s
      At line 10 in file SUBS_EXP3_4.s

Stop 00000022

Symbol: Stop
   Definitions
      At line 30 in file SUBS_EXP3_4.s
   Uses
      At line 30 in file SUBS_EXP3_4.s
Comment: Stop used once
Up 0000000E

Symbol: Up
   Definitions
      At line 21 in file SUBS_EXP3_4.s
   Uses
      At line 28 in file SUBS_EXP3_4.s
Comment: Up used once
mycode 00000000

Symbol: mycode
   Definitions
      At line 8 in file SUBS_EXP3_4.s
   Uses
      None
Comment: mycode unused
4 symbols



ARM Macro Assembler    Page 1 Alphabetic symbol ordering
Relocatable symbols

N1 00000000

Symbol: N1
   Definitions
      At line 34 in file SUBS_EXP3_4.s
   Uses
      At line 13 in file SUBS_EXP3_4.s
Comment: N1 used once
N2 00000010

Symbol: N2
   Definitions
      At line 35 in file SUBS_EXP3_4.s
   Uses
      At line 14 in file SUBS_EXP3_4.s
Comment: N2 used once
mydata 00000000

Symbol: mydata
   Definitions
      At line 33 in file SUBS_EXP3_4.s
   Uses
      None
Comment: mydata unused
3 symbols



ARM Macro Assembler    Page 1 Alphabetic symbol ordering
Relocatable symbols

Result 00000000

Symbol: Result
   Definitions
      At line 38 in file SUBS_EXP3_4.s
   Uses
      At line 15 in file SUBS_EXP3_4.s
Comment: Result used once
resultdata 00000000

Symbol: resultdata
   Definitions
      At line 37 in file SUBS_EXP3_4.s
   Uses
      None
Comment: resultdata unused
2 symbols
344 symbols in table
