


ARM Macro Assembler    Page 1 


    1 00000000                 AREA             RESET, DATA, READONLY
    2 00000000                 EXPORT           __Vectors
    3 00000000         __Vectors
    4 00000000 10010000        DCD              0x10010000
    5 00000004 00000000        DCD              Reset_Handler
    6 00000008                 ALIGN
    7 00000008         
    8 00000008                 AREA             mycode, CODE, READONLY
    9 00000000                 ENTRY
   10 00000000                 EXPORT           Reset_Handler
   11 00000000         
   12 00000000         Reset_Handler
   13 00000000 4C14            LDR              R4, =N1
   14 00000002 F8D4 8000       LDR              R8, [R4]
   15 00000006 4C14            LDR              R4, =N2
   16 00000008 F8D4 9000       LDR              R9, [R4]
   17 0000000C         
   18 0000000C F1B8 0F00       CMP              R8, #0
   19 00000010 D017            BEQ              StoreZero
   20 00000012 F1B9 0F00       CMP              R9, #0
   21 00000016 D014            BEQ              StoreZero
   22 00000018         
   23 00000018 4640            MOV              R0, R8
   24 0000001A 4649            MOV              R1, R9
   25 0000001C         
   26 0000001C         GCD_Loop
   27 0000001C 2900            CMP              R1, #0
   28 0000001E D008            BEQ              GCD_Done
   29 00000020 FBB0 F6F1       UDIV             R6, R0, R1
   30 00000024 FB06 F701       MUL              R7, R6, R1
   31 00000028 EBA0 0207       SUB              R2, R0, R7
   32 0000002C 4608            MOV              R0, R1
   33 0000002E 4611            MOV              R1, R2
   34 00000030 E7F4            B                GCD_Loop
   35 00000032         
   36 00000032         GCD_Done
   37 00000032 FBB8 FAF0       UDIV             R10, R8, R0
   38 00000036 FBAA 2309       UMULL            R2, R3, R10, R9
   39 0000003A         
   40 0000003A 4C08            LDR              R4, =Result
   41 0000003C 6022            STR              R2, [R4]
   42 0000003E 6063            STR              R3, [R4, #4]
   43 00000040 E006            B                Done
   44 00000042         
   45 00000042         StoreZero
   46 00000042 4C06            LDR              R4, =Result
   47 00000044 F04F 0200       MOV              R2, #0
   48 00000048 F04F 0300       MOV              R3, #0
   49 0000004C 6022            STR              R2, [R4]
   50 0000004E 6063            STR              R3, [R4, #4]
   51 00000050         
   52 00000050         Done
   53 00000050 E7FE            B                Done
   54 00000052         
   55 00000052 00 00 00000000 
              00000000 
              00000000 
              00000000         AREA             mydata, DATA, READONLY
   56 00000000 00000018 



ARM Macro Assembler    Page 2 


                       N1      DCD              0x00000018
   57 00000004 00000020 
                       N2      DCD              0x00000020
   58 00000008         
   59 00000008                 AREA             resultdata, DATA, READWRITE
   60 00000000 00000000 
              00000000 Result  DCD              0, 0
   61 00000008         
   62 00000008                 END
Command Line: --debug --xref --cpu=Cortex-M3 --apcs=interwork --depend=LCM.d -o
LCM.o -IC:\Keil\ARM\RV31\INC -IC:\Keil\ARM\CMSIS\Include -IC:\Keil\ARM\Inc\NXP\
LPC17xx --predefine="__EVAL SETA 1" --list=LCM.lst LCM.s



ARM Macro Assembler    Page 1 Alphabetic symbol ordering
Relocatable symbols

RESET 00000000

Symbol: RESET
   Definitions
      At line 1 in file LCM.s
   Uses
      None
Comment: RESET unused
__Vectors 00000000

Symbol: __Vectors
   Definitions
      At line 3 in file LCM.s
   Uses
      At line 2 in file LCM.s
Comment: __Vectors used once
2 symbols



ARM Macro Assembler    Page 1 Alphabetic symbol ordering
Relocatable symbols

Done 00000050

Symbol: Done
   Definitions
      At line 52 in file LCM.s
   Uses
      At line 43 in file LCM.s
      At line 53 in file LCM.s

GCD_Done 00000032

Symbol: GCD_Done
   Definitions
      At line 36 in file LCM.s
   Uses
      At line 28 in file LCM.s
Comment: GCD_Done used once
GCD_Loop 0000001C

Symbol: GCD_Loop
   Definitions
      At line 26 in file LCM.s
   Uses
      At line 34 in file LCM.s
Comment: GCD_Loop used once
Reset_Handler 00000000

Symbol: Reset_Handler
   Definitions
      At line 12 in file LCM.s
   Uses
      At line 5 in file LCM.s
      At line 10 in file LCM.s

StoreZero 00000042

Symbol: StoreZero
   Definitions
      At line 45 in file LCM.s
   Uses
      At line 19 in file LCM.s
      At line 21 in file LCM.s

mycode 00000000

Symbol: mycode
   Definitions
      At line 8 in file LCM.s
   Uses
      None
Comment: mycode unused
6 symbols



ARM Macro Assembler    Page 1 Alphabetic symbol ordering
Relocatable symbols

N1 00000000

Symbol: N1
   Definitions
      At line 56 in file LCM.s
   Uses
      At line 13 in file LCM.s
Comment: N1 used once
N2 00000004

Symbol: N2
   Definitions
      At line 57 in file LCM.s
   Uses
      At line 15 in file LCM.s
Comment: N2 used once
mydata 00000000

Symbol: mydata
   Definitions
      At line 55 in file LCM.s
   Uses
      None
Comment: mydata unused
3 symbols



ARM Macro Assembler    Page 1 Alphabetic symbol ordering
Relocatable symbols

Result 00000000

Symbol: Result
   Definitions
      At line 60 in file LCM.s
   Uses
      At line 40 in file LCM.s
      At line 46 in file LCM.s

resultdata 00000000

Symbol: resultdata
   Definitions
      At line 59 in file LCM.s
   Uses
      None
Comment: resultdata unused
2 symbols
346 symbols in table
