


ARM Macro Assembler    Page 1 


    1 00000000                 AREA             RESET, DATA, READONLY
    2 00000000                 EXPORT           __Vectors
    3 00000000         __Vectors
    4 00000000 10001000        DCD              0x10001000
    5 00000004 00000000        DCD              Reset_Handler
    6 00000008                 ALIGN
    7 00000008                 AREA             mycode, CODE, READONLY
    8 00000000                 ENTRY
    9 00000000                 EXPORT           Reset_Handler
   10 00000000         
   11 00000000         Reset_Handler
   12 00000000         
   13 00000000 F04F 0005       LDR              R0, =5
   14 00000004 F000 F803       BL               FACT
   15 00000008 4908            LDR              R1, =result
   16 0000000A 6008            STR              R0, [R1]
   17 0000000C         
   18 0000000C E7FE    DONE    B                DONE
   19 0000000E         
   20 0000000E         FACT
   21 0000000E 2801            CMP              R0, #1
   22 00000010 DD09            BLE              Base_Case
   23 00000012 B501            PUSH             {R0, LR}
   24 00000014 F1A0 0001       SUB              R0, R0, #1
   25 00000018 F7FF FFF9       BL               FACT
   26 0000001C E8BD 4002       POP              {R1, LR}
   27 00000020 FB00 F001       MUL              R0, R0, R1
   28 00000024 BD00            POP              {PC}
   29 00000026         
   30 00000026         Base_Case
   31 00000026 F04F 0001       MOV              R0, #1
   32 0000002A BD00            POP              {PC}
   33 0000002C         
   34 0000002C 00000000        AREA             mydata, DATA, READWRITE
   35 00000000 00000000 
                       result  DCD              0
   36 00000004                 END
Command Line: --debug --xref --cpu=Cortex-M3 --apcs=interwork --depend=Factoria
l.d -oFactorial.o -IC:\Keil\ARM\RV31\INC -IC:\Keil\ARM\CMSIS\Include -IC:\Keil\
ARM\Inc\NXP\LPC17xx --predefine="__EVAL SETA 1" --list=Factorial.lst Factorial.
s



ARM Macro Assembler    Page 1 Alphabetic symbol ordering
Relocatable symbols

RESET 00000000

Symbol: RESET
   Definitions
      At line 1 in file Factorial.s
   Uses
      None
Comment: RESET unused
__Vectors 00000000

Symbol: __Vectors
   Definitions
      At line 3 in file Factorial.s
   Uses
      At line 2 in file Factorial.s
Comment: __Vectors used once
2 symbols



ARM Macro Assembler    Page 1 Alphabetic symbol ordering
Relocatable symbols

Base_Case 00000026

Symbol: Base_Case
   Definitions
      At line 30 in file Factorial.s
   Uses
      At line 22 in file Factorial.s
Comment: Base_Case used once
DONE 0000000C

Symbol: DONE
   Definitions
      At line 18 in file Factorial.s
   Uses
      At line 18 in file Factorial.s
Comment: DONE used once
FACT 0000000E

Symbol: FACT
   Definitions
      At line 20 in file Factorial.s
   Uses
      At line 14 in file Factorial.s
      At line 25 in file Factorial.s

Reset_Handler 00000000

Symbol: Reset_Handler
   Definitions
      At line 11 in file Factorial.s
   Uses
      At line 5 in file Factorial.s
      At line 9 in file Factorial.s

mycode 00000000

Symbol: mycode
   Definitions
      At line 7 in file Factorial.s
   Uses
      None
Comment: mycode unused
5 symbols



ARM Macro Assembler    Page 1 Alphabetic symbol ordering
Relocatable symbols

mydata 00000000

Symbol: mydata
   Definitions
      At line 34 in file Factorial.s
   Uses
      None
Comment: mydata unused
result 00000000

Symbol: result
   Definitions
      At line 35 in file Factorial.s
   Uses
      At line 15 in file Factorial.s
Comment: result used once
2 symbols
342 symbols in table
